<?xml version="1.0" encoding="UTF-8"?>
<!-- Generated by org.testng.reporters.JUnitReportReporter -->
<testsuite hostname="INPNB77889" failures="0" tests="1" name="collectionLearning.ArithmeticExceptionHandling" time="21.801" errors="0" timestamp="2023-04-01T16:24:20 IST" skipped="0">
  <testcase classname="collectionLearning.ArithmeticExceptionHandling" name="arithmaticExceptionHandling" time="21.801"/>
  <system-out/>
</testsuite> <!-- collectionLearning.ArithmeticExceptionHandling -->
