<?xml version="1.0" encoding="UTF-8"?>
<!-- Generated by org.testng.reporters.JUnitReportReporter -->
<testsuite hostname="INPNB77889" failures="0" tests="1" name="InheritanceLearning.ScientificCalculatorMain" time="0.023" errors="0" timestamp="2023-03-10T09:33:09 IST" skipped="0">
  <testcase classname="InheritanceLearning.ScientificCalculatorMain" name="operation" time="0.023"/>
  <system-out/>
</testsuite> <!-- InheritanceLearning.ScientificCalculatorMain -->
