<?xml version="1.0" encoding="UTF-8"?>
<!-- Generated by org.testng.reporters.JUnitReportReporter -->
<testsuite hostname="INPNB77889" failures="0" tests="1" name="InheritanceLearning.SmartCalculatorMain" time="0.012" errors="0" timestamp="2023-03-10T09:52:27 IST" skipped="0">
  <testcase classname="InheritanceLearning.SmartCalculatorMain" name="operation" time="0.012"/>
  <system-out/>
</testsuite> <!-- InheritanceLearning.SmartCalculatorMain -->
