<?xml version="1.0" encoding="UTF-8"?>
<!-- Generated by org.testng.reporters.JUnitReportReporter -->
<testsuite hostname="INPNB77889" failures="0" tests="4" name="collectionLearning.SetLearning" time="0.013" errors="0" timestamp="2023-03-16T09:54:30 IST" skipped="0">
  <testcase classname="collectionLearning.SetLearning" name="listExample" time="0.001"/>
  <system-out/>
  <testcase classname="collectionLearning.SetLearning" name="treeSetLearn" time="0.001"/>
  <system-out/>
  <testcase classname="collectionLearning.SetLearning" name="hashSetLearning" time="0.010"/>
  <system-out/>
  <testcase classname="collectionLearning.SetLearning" name="linkedHashSet" time="0.001"/>
  <system-out/>
</testsuite> <!-- collectionLearning.SetLearning -->
