<?xml version="1.0" encoding="UTF-8"?>
<!-- Generated by org.testng.reporters.JUnitReportReporter -->
<testsuite hostname="INPNB77889" failures="0" tests="1" name="collectionLearning.ArraySorting" time="0.017" errors="0" timestamp="2023-03-16T18:44:50 IST" skipped="0">
  <testcase classname="collectionLearning.ArraySorting" name="operation" time="0.017"/>
  <system-out/>
</testsuite> <!-- collectionLearning.ArraySorting -->
