<?xml version="1.0" encoding="UTF-8"?>
<!-- Generated by org.testng.reporters.JUnitReportReporter -->
<testsuite hostname="INPNB77889" failures="0" tests="1" name="collectionLearning.ArrayLearning" time="0.010" errors="0" timestamp="2023-03-16T09:13:35 IST" skipped="0">
  <testcase classname="collectionLearning.ArrayLearning" name="ArrayListLearning" time="0.010"/>
  <system-out/>
</testsuite> <!-- collectionLearning.ArrayLearning -->
