<?xml version="1.0" encoding="UTF-8"?>
<!-- Generated by org.testng.reporters.JUnitReportReporter -->
<testsuite hostname="INPNB77889" failures="0" tests="1" name="InheritanceLearning.CalculatorMain" time="0.018" errors="0" timestamp="2023-03-10T09:27:51 IST" skipped="0">
  <testcase classname="InheritanceLearning.CalculatorMain" name="operation" time="0.018"/>
  <system-out/>
</testsuite> <!-- InheritanceLearning.CalculatorMain -->
