<?xml version="1.0" encoding="UTF-8"?>
<!-- Generated by org.testng.reporters.JUnitReportReporter -->
<testsuite hostname="INPNB77889" failures="0" tests="1" name="selinium.Learning.FirstSelenium" time="5.818" errors="0" timestamp="2023-03-24T09:22:54 IST" skipped="0">
  <testcase classname="selinium.Learning.FirstSelenium" name="browserManualSetup2" time="5.818"/>
  <system-out/>
</testsuite> <!-- selinium.Learning.FirstSelenium -->
