<?xml version="1.0" encoding="UTF-8"?>
<!-- Generated by org.testng.reporters.JUnitReportReporter -->
<testsuite hostname="INPNB77889" failures="0" tests="1" name="collectionLearning.ArrayListLearning" time="0.015" errors="0" timestamp="2023-03-20T22:46:20 IST" skipped="0">
  <testcase classname="collectionLearning.ArrayListLearning" name="ArrayListOperation" time="0.015"/>
  <system-out/>
</testsuite> <!-- collectionLearning.ArrayListLearning -->
