<?xml version="1.0" encoding="UTF-8"?>
<!-- Generated by org.testng.reporters.JUnitReportReporter -->
<testsuite hostname="INPNB77889" failures="0" tests="1" name="selinium.Learning.GuviProjectPractise" time="16.983" errors="0" timestamp="2023-05-21T14:15:41 IST" skipped="0">
  <testcase classname="selinium.Learning.GuviProjectPractise" name="brokenLink" time="16.983"/>
  <system-out/>
</testsuite> <!-- selinium.Learning.GuviProjectPractise -->
