<?xml version="1.0" encoding="UTF-8"?>
<!-- Generated by org.testng.reporters.JUnitReportReporter -->
<testsuite hostname="INPNB77889" failures="0" tests="1" name="learning.java.StringManupulation" time="0.011" errors="0" timestamp="2023-03-09T09:47:30 IST" skipped="0">
  <testcase classname="learning.java.StringManupulation" name="palindrome" time="0.011"/>
  <system-out/>
</testsuite> <!-- learning.java.StringManupulation -->
